# JRE version: Java(TM) SE Runtime Environment (8.0_101-b13) (build 1.8.0_101-b13)
# Java VM: Java HotSpot(TM) 64-Bit Server VM (25.101-b13 mixed mode windows-amd64 compressed oops)
Heap:
 PSYoungGen      total 38400K, used 28896K [0x00000000d5d80000, 0x00000000d8800000, 0x0000000100000000)
  eden space 33280K, 86% used [0x00000000d5d80000,0x00000000d79b8110,0x00000000d7e00000)
  from space 5120K, 0% used [0x00000000d8300000,0x00000000d8300000,0x00000000d8800000)
  to   space 5120K, 0% used [0x00000000d7e00000,0x00000000d7e00000,0x00000000d8300000)
 ParOldGen       total 87552K, used 87152K [0x0000000081800000, 0x0000000086d80000, 0x00000000d5d80000)
  object space 87552K, 99% used [0x0000000081800000,0x0000000086d1c2b0,0x0000000086d80000)
 Metaspace       used 12838K, capacity 13372K, committed 13568K, reserved 1060864K
  class space    used 1620K, capacity 1791K, committed 1792K, reserved 1048576K
GC Heap History (10 events):
Event: 2.455 GC heap before
{Heap before GC invocations=7 (full 3):
 PSYoungGen      total 38400K, used 33280K [0x00000000d5d80000, 0x00000000d8800000, 0x0000000100000000)
  eden space 33280K, 100% used [0x00000000d5d80000,0x00000000d7e00000,0x00000000d7e00000)
  from space 5120K, 0% used [0x00000000d8300000,0x00000000d8300000,0x00000000d8800000)
  to   space 5120K, 0% used [0x00000000d7e00000,0x00000000d7e00000,0x00000000d8300000)
 ParOldGen       total 87552K, used 81104K [0x0000000081800000, 0x0000000086d80000, 0x00000000d5d80000)
  object space 87552K, 92% used [0x0000000081800000,0x00000000867342a0,0x0000000086d80000)
 Metaspace       used 12655K, capacity 13220K, committed 13312K, reserved 1060864K
  class space    used 1603K, capacity 1787K, committed 1792K, reserved 1048576K
Event: 2.682 GC heap after
Heap after GC invocations=7 (full 3):
 PSYoungGen      total 38400K, used 12553K [0x00000000d5d80000, 0x00000000d8800000, 0x0000000100000000)
  eden space 33280K, 37% used [0x00000000d5d80000,0x00000000d69c2460,0x00000000d7e00000)
  from space 5120K, 0% used [0x00000000d8300000,0x00000000d8300000,0x00000000d8800000)
  to   space 5120K, 0% used [0x00000000d7e00000,0x00000000d7e00000,0x00000000d8300000)
 ParOldGen       total 87552K, used 84986K [0x0000000081800000, 0x0000000086d80000, 0x00000000d5d80000)
  object space 87552K, 97% used [0x0000000081800000,0x0000000086afe960,0x0000000086d80000)
 Metaspace       used 12655K, capacity 13220K, committed 13312K, reserved 1060864K
  class space    used 1603K, capacity 1787K, committed 1792K, reserved 1048576K
}
Event: 2.717 GC heap before
{Heap before GC invocations=8 (full 4):
 PSYoungGen      total 38400K, used 33280K [0x00000000d5d80000, 0x00000000d8800000, 0x0000000100000000)
  eden space 33280K, 100% used [0x00000000d5d80000,0x00000000d7e00000,0x00000000d7e00000)
  from space 5120K, 0% used [0x00000000d8300000,0x00000000d8300000,0x00000000d8800000)
  to   space 5120K, 0% used [0x00000000d7e00000,0x00000000d7e00000,0x00000000d8300000)
 ParOldGen       total 87552K, used 84986K [0x0000000081800000, 0x0000000086d80000, 0x00000000d5d80000)
  object space 87552K, 97% used [0x0000000081800000,0x0000000086afe960,0x0000000086d80000)
 Metaspace       used 12655K, capacity 13220K, committed 13312K, reserved 1060864K
  class space    used 1603K, capacity 1787K, committed 1792K, reserved 1048576K
Event: 3.022 GC heap after
Heap after GC invocations=8 (full 4):
 PSYoungGen      total 38400K, used 22692K [0x00000000d5d80000, 0x00000000d8800000, 0x0000000100000000)
  eden space 33280K, 68% used [0x00000000d5d80000,0x00000000d73a93c8,0x00000000d7e00000)
  from space 5120K, 0% used [0x00000000d8300000,0x00000000d8300000,0x00000000d8800000)
  to   space 5120K, 0% used [0x00000000d7e00000,0x00000000d7e00000,0x00000000d8300000)
 ParOldGen       total 87552K, used 84986K [0x0000000081800000, 0x0000000086d80000, 0x00000000d5d80000)
  object space 87552K, 97% used [0x0000000081800000,0x0000000086afe960,0x0000000086d80000)
 Metaspace       used 12655K, capacity 13220K, committed 13312K, reserved 1060864K
  class space    used 1603K, capacity 1787K, committed 1792K, reserved 1048576K
}
Event: 3.043 GC heap before
{Heap before GC invocations=9 (full 5):
 PSYoungGen      total 38400K, used 33280K [0x00000000d5d80000, 0x00000000d8800000, 0x0000000100000000)
  eden space 33280K, 100% used [0x00000000d5d80000,0x00000000d7e00000,0x00000000d7e00000)
  from space 5120K, 0% used [0x00000000d8300000,0x00000000d8300000,0x00000000d8800000)
  to   space 5120K, 0% used [0x00000000d7e00000,0x00000000d7e00000,0x00000000d8300000)
 ParOldGen       total 87552K, used 84986K [0x0000000081800000, 0x0000000086d80000, 0x00000000d5d80000)
  object space 87552K, 97% used [0x0000000081800000,0x0000000086afe960,0x0000000086d80000)
 Metaspace       used 12655K, capacity 13220K, committed 13312K, reserved 1060864K
  class space    used 1603K, capacity 1787K, committed 1792K, reserved 1048576K
Event: 3.299 GC heap after
Heap after GC invocations=9 (full 5):
 PSYoungGen      total 38400K, used 27867K [0x00000000d5d80000, 0x00000000d8800000, 0x0000000100000000)
  eden space 33280K, 83% used [0x00000000d5d80000,0x00000000d78b6cd8,0x00000000d7e00000)
  from space 5120K, 0% used [0x00000000d8300000,0x00000000d8300000,0x00000000d8800000)
  to   space 5120K, 0% used [0x00000000d7e00000,0x00000000d7e00000,0x00000000d8300000)
 ParOldGen       total 87552K, used 84986K [0x0000000081800000, 0x0000000086d80000, 0x00000000d5d80000)
  object space 87552K, 97% used [0x0000000081800000,0x0000000086afe960,0x0000000086d80000)
 Metaspace       used 12655K, capacity 13220K, committed 13312K, reserved 1060864K
  class space    used 1603K, capacity 1787K, committed 1792K, reserved 1048576K
}
Event: 3.321 GC heap before
{Heap before GC invocations=10 (full 6):
 PSYoungGen      total 38400K, used 33280K [0x00000000d5d80000, 0x00000000d8800000, 0x0000000100000000)
  eden space 33280K, 100% used [0x00000000d5d80000,0x00000000d7e00000,0x00000000d7e00000)
  from space 5120K, 0% used [0x00000000d8300000,0x00000000d8300000,0x00000000d8800000)
  to   space 5120K, 0% used [0x00000000d7e00000,0x00000000d7e00000,0x00000000d8300000)
 ParOldGen       total 87552K, used 84986K [0x0000000081800000, 0x0000000086d80000, 0x00000000d5d80000)
  object space 87552K, 97% used [0x0000000081800000,0x0000000086afe960,0x0000000086d80000)
 Metaspace       used 12685K, capacity 13290K, committed 13312K, reserved 1060864K
  class space    used 1605K, capacity 1788K, committed 1792K, reserved 1048576K
Event: 3.742 GC heap after
Heap after GC invocations=10 (full 6):
 PSYoungGen      total 38400K, used 14672K [0x00000000d5d80000, 0x00000000d8800000, 0x0000000100000000)
  eden space 33280K, 44% used [0x00000000d5d80000,0x00000000d6bd4110,0x00000000d7e00000)
  from space 5120K, 0% used [0x00000000d8300000,0x00000000d8300000,0x00000000d8800000)
  to   space 5120K, 0% used [0x00000000d7e00000,0x00000000d7e00000,0x00000000d8300000)
 ParOldGen       total 87552K, used 87152K [0x0000000081800000, 0x0000000086d80000, 0x00000000d5d80000)
  object space 87552K, 99% used [0x0000000081800000,0x0000000086d1c2c8,0x0000000086d80000)
 Metaspace       used 12685K, capacity 13290K, committed 13312K, reserved 1060864K
  class space    used 1605K, capacity 1788K, committed 1792K, reserved 1048576K
}
Event: 3.821 GC heap before
{Heap before GC invocations=11 (full 7):
 PSYoungGen      total 38400K, used 33280K [0x00000000d5d80000, 0x00000000d8800000, 0x0000000100000000)
  eden space 33280K, 100% used [0x00000000d5d80000,0x00000000d7e00000,0x00000000d7e00000)
  from space 5120K, 0% used [0x00000000d8300000,0x00000000d8300000,0x00000000d8800000)
  to   space 5120K, 0% used [0x00000000d7e00000,0x00000000d7e00000,0x00000000d8300000)
 ParOldGen       total 87552K, used 87152K [0x0000000081800000, 0x0000000086d80000, 0x00000000d5d80000)
  object space 87552K, 99% used [0x0000000081800000,0x0000000086d1c2c8,0x0000000086d80000)
 Metaspace       used 12714K, capacity 13290K, committed 13312K, reserved 1060864K
  class space    used 1606K, capacity 1788K, committed 1792K, reserved 1048576K
Event: 4.148 GC heap after
Heap after GC invocations=11 (full 7):
 PSYoungGen      total 38400K, used 19251K [0x00000000d5d80000, 0x00000000d8800000, 0x0000000100000000)
  eden space 33280K, 57% used [0x00000000d5d80000,0x00000000d704cd88,0x00000000d7e00000)
  from space 5120K, 0% used [0x00000000d8300000,0x00000000d8300000,0x00000000d8800000)
  to   space 5120K, 0% used [0x00000000d7e00000,0x00000000d7e00000,0x00000000d8300000)
 ParOldGen       total 87552K, used 87152K [0x0000000081800000, 0x0000000086d80000, 0x00000000d5d80000)
  object space 87552K, 99% used [0x0000000081800000,0x0000000086d1c2b0,0x0000000086d80000)
 Metaspace       used 12714K, capacity 13290K, committed 13312K, reserved 1060864K
  class space    used 1606K, capacity 1788K, committed 1792K, reserved 1048576K
}

